# JRE version: OpenJDK Runtime Environment (8.0_312-b07) (build 1.8.0_312-b07)
# Java VM: OpenJDK 64-Bit Server VM (25.312-b07 mixed mode linux-amd64 compressed oops)
Heap:
 def new generation   total 4928K, used 2390K [0x00000000f0e00000, 0x00000000f1350000, 0x00000000f5ea0000)
  eden space 4416K,  53% used [0x00000000f0e00000, 0x00000000f104da90, 0x00000000f1250000)
  from space 512K,   6% used [0x00000000f12d0000, 0x00000000f12d7db0, 0x00000000f1350000)
  to   space 512K,   0% used [0x00000000f1250000, 0x00000000f1250000, 0x00000000f12d0000)
 tenured generation   total 10944K, used 3475K [0x00000000f5ea0000, 0x00000000f6950000, 0x0000000100000000)
   the space 10944K,  31% used [0x00000000f5ea0000, 0x00000000f6204ec0, 0x00000000f6205000, 0x00000000f6950000)
 Metaspace       used 11253K, capacity 11592K, committed 11904K, reserved 1058816K
  class space    used 1412K, capacity 1560K, committed 1664K, reserved 1048576K
GC Heap History (22 events):
Event: 0.778 GC heap before
{Heap before GC invocations=0 (full 0):
 def new generation   total 4928K, used 4416K [0x00000000f0e00000, 0x00000000f1350000, 0x00000000f5ea0000)
  eden space 4416K, 100% used [0x00000000f0e00000, 0x00000000f1250000, 0x00000000f1250000)
  from space 512K,   0% used [0x00000000f1250000, 0x00000000f1250000, 0x00000000f12d0000)
  to   space 512K,   0% used [0x00000000f12d0000, 0x00000000f12d0000, 0x00000000f1350000)
 tenured generation   total 10944K, used 0K [0x00000000f5ea0000, 0x00000000f6950000, 0x0000000100000000)
   the space 10944K,   0% used [0x00000000f5ea0000, 0x00000000f5ea0000, 0x00000000f5ea0200, 0x00000000f6950000)
 Metaspace       used 4598K, capacity 4920K, committed 5248K, reserved 1056768K
  class space    used 476K, capacity 536K, committed 640K, reserved 1048576K
Event: 0.784 GC heap after
Heap after GC invocations=1 (full 0):
 def new generation   total 4928K, used 511K [0x00000000f0e00000, 0x00000000f1350000, 0x00000000f5ea0000)
  eden space 4416K,   0% used [0x00000000f0e00000, 0x00000000f0e00000, 0x00000000f1250000)
  from space 512K,  99% used [0x00000000f12d0000, 0x00000000f134fff8, 0x00000000f1350000)
  to   space 512K,   0% used [0x00000000f1250000, 0x00000000f1250000, 0x00000000f12d0000)
 tenured generation   total 10944K, used 404K [0x00000000f5ea0000, 0x00000000f6950000, 0x0000000100000000)
   the space 10944K,   3% used [0x00000000f5ea0000, 0x00000000f5f05108, 0x00000000f5f05200, 0x00000000f6950000)
 Metaspace       used 4598K, capacity 4920K, committed 5248K, reserved 1056768K
  class space    used 476K, capacity 536K, committed 640K, reserved 1048576K
}
Event: 0.983 GC heap before
{Heap before GC invocations=1 (full 0):
 def new generation   total 4928K, used 4927K [0x00000000f0e00000, 0x00000000f1350000, 0x00000000f5ea0000)
  eden space 4416K, 100% used [0x00000000f0e00000, 0x00000000f1250000, 0x00000000f1250000)
  from space 512K,  99% used [0x00000000f12d0000, 0x00000000f134fff8, 0x00000000f1350000)
  to   space 512K,   0% used [0x00000000f1250000, 0x00000000f1250000, 0x00000000f12d0000)
 tenured generation   total 10944K, used 404K [0x00000000f5ea0000, 0x00000000f6950000, 0x0000000100000000)
   the space 10944K,   3% used [0x00000000f5ea0000, 0x00000000f5f05108, 0x00000000f5f05200, 0x00000000f6950000)
 Metaspace       used 4969K, capacity 5104K, committed 5248K, reserved 1056768K
  class space    used 532K, capacity 576K, committed 640K, reserved 1048576K
Event: 0.992 GC heap after
Heap after GC invocations=2 (full 0):
 def new generation   total 4928K, used 512K [0x00000000f0e00000, 0x00000000f1350000, 0x00000000f5ea0000)
  eden space 4416K,   0% used [0x00000000f0e00000, 0x00000000f0e00000, 0x00000000f1250000)
  from space 512K, 100% used [0x00000000f1250000, 0x00000000f12d0000, 0x00000000f12d0000)
  to   space 512K,   0% used [0x00000000f12d0000, 0x00000000f12d0000, 0x00000000f1350000)
 tenured generation   total 10944K, used 903K [0x00000000f5ea0000, 0x00000000f6950000, 0x0000000100000000)
   the space 10944K,   8% used [0x00000000f5ea0000, 0x00000000f5f81c08, 0x00000000f5f81e00, 0x00000000f6950000)
 Metaspace       used 4969K, capacity 5104K, committed 5248K, reserved 1056768K
  class space    used 532K, capacity 576K, committed 640K, reserved 1048576K
}
Event: 1.325 GC heap before
{Heap before GC invocations=2 (full 0):
 def new generation   total 4928K, used 4928K [0x00000000f0e00000, 0x00000000f1350000, 0x00000000f5ea0000)
  eden space 4416K, 100% used [0x00000000f0e00000, 0x00000000f1250000, 0x00000000f1250000)
  from space 512K, 100% used [0x00000000f1250000, 0x00000000f12d0000, 0x00000000f12d0000)
  to   space 512K,   0% used [0x00000000f12d0000, 0x00000000f12d0000, 0x00000000f1350000)
 tenured generation   total 10944K, used 903K [0x00000000f5ea0000, 0x00000000f6950000, 0x0000000100000000)
   the space 10944K,   8% used [0x00000000f5ea0000, 0x00000000f5f81c08, 0x00000000f5f81e00, 0x00000000f6950000)
 Metaspace       used 5948K, capacity 6112K, committed 6144K, reserved 1056768K
  class space    used 683K, capacity 736K, committed 768K, reserved 1048576K
Event: 1.330 GC heap after
Heap after GC invocations=3 (full 0):
 def new generation   total 4928K, used 512K [0x00000000f0e00000, 0x00000000f1350000, 0x00000000f5ea0000)
  eden space 4416K,   0% used [0x00000000f0e00000, 0x00000000f0e00000, 0x00000000f1250000)
  from space 512K, 100% used [0x00000000f12d0000, 0x00000000f1350000, 0x00000000f1350000)
  to   space 512K,   0% used [0x00000000f1250000, 0x00000000f1250000, 0x00000000f12d0000)
 tenured generation   total 10944K, used 1309K [0x00000000f5ea0000, 0x00000000f6950000, 0x0000000100000000)
   the space 10944K,  11% used [0x00000000f5ea0000, 0x00000000f5fe7578, 0x00000000f5fe7600, 0x00000000f6950000)
 Metaspace       used 5948K, capacity 6112K, committed 6144K, reserved 1056768K
  class space    used 683K, capacity 736K, committed 768K, reserved 1048576K
}
Event: 1.569 GC heap before
{Heap before GC invocations=3 (full 0):
 def new generation   total 4928K, used 4928K [0x00000000f0e00000, 0x00000000f1350000, 0x00000000f5ea0000)
  eden space 4416K, 100% used [0x00000000f0e00000, 0x00000000f1250000, 0x00000000f1250000)
  from space 512K, 100% used [0x00000000f12d0000, 0x00000000f1350000, 0x00000000f1350000)
  to   space 512K,   0% used [0x00000000f1250000, 0x00000000f1250000, 0x00000000f12d0000)
 tenured generation   total 10944K, used 1309K [0x00000000f5ea0000, 0x00000000f6950000, 0x0000000100000000)
   the space 10944K,  11% used [0x00000000f5ea0000, 0x00000000f5fe7578, 0x00000000f5fe7600, 0x00000000f6950000)
 Metaspace       used 7045K, capacity 7208K, committed 7424K, reserved 1056768K
  class space    used 831K, capacity 916K, committed 1024K, reserved 1048576K
Event: 1.572 GC heap after
Heap after GC invocations=4 (full 0):
 def new generation   total 4928K, used 512K [0x00000000f0e00000, 0x00000000f1350000, 0x00000000f5ea0000)
  eden space 4416K,   0% used [0x00000000f0e00000, 0x00000000f0e00000, 0x00000000f1250000)
  from space 512K, 100% used [0x00000000f1250000, 0x00000000f12d0000, 0x00000000f12d0000)
  to   space 512K,   0% used [0x00000000f12d0000, 0x00000000f12d0000, 0x00000000f1350000)
 tenured generation   total 10944K, used 1737K [0x00000000f5ea0000, 0x00000000f6950000, 0x0000000100000000)
   the space 10944K,  15% used [0x00000000f5ea0000, 0x00000000f6052500, 0x00000000f6052600, 0x00000000f6950000)
 Metaspace       used 7045K, capacity 7208K, committed 7424K, reserved 1056768K
  class space    used 831K, capacity 916K, committed 1024K, reserved 1048576K
}
Event: 1.758 GC heap before
{Heap before GC invocations=4 (full 0):
 def new generation   total 4928K, used 4928K [0x00000000f0e00000, 0x00000000f1350000, 0x00000000f5ea0000)
  eden space 4416K, 100% used [0x00000000f0e00000, 0x00000000f1250000, 0x00000000f1250000)
  from space 512K, 100% used [0x00000000f1250000, 0x00000000f12d0000, 0x00000000f12d0000)
  to   space 512K,   0% used [0x00000000f12d0000, 0x00000000f12d0000, 0x00000000f1350000)
 tenured generation   total 10944K, used 1737K [0x00000000f5ea0000, 0x00000000f6950000, 0x0000000100000000)
   the space 10944K,  15% used [0x00000000f5ea0000, 0x00000000f6052500, 0x00000000f6052600, 0x00000000f6950000)
 Metaspace       used 7850K, capacity 8080K, committed 8320K, reserved 1056768K
  class space    used 954K, capacity 1048K, committed 1152K, reserved 1048576K
Event: 1.765 GC heap after
Heap after GC invocations=5 (full 0):
 def new generation   total 4928K, used 512K [0x00000000f0e00000, 0x00000000f1350000, 0x00000000f5ea0000)
  eden space 4416K,   0% used [0x00000000f0e00000, 0x00000000f0e00000, 0x00000000f1250000)
  from space 512K, 100% used [0x00000000f12d0000, 0x00000000f1350000, 0x00000000f1350000)
  to   space 512K,   0% used [0x00000000f1250000, 0x00000000f1250000, 0x00000000f12d0000)
 tenured generation   total 10944K, used 2077K [0x00000000f5ea0000, 0x00000000f6950000, 0x0000000100000000)
   the space 10944K,  18% used [0x00000000f5ea0000, 0x00000000f60a77f0, 0x00000000f60a7800, 0x00000000f6950000)
 Metaspace       used 7850K, capacity 8080K, committed 8320K, reserved 1056768K
  class space    used 954K, capacity 1048K, committed 1152K, reserved 1048576K
}
Event: 1.970 GC heap before
{Heap before GC invocations=5 (full 0):
 def new generation   total 4928K, used 4928K [0x00000000f0e00000, 0x00000000f1350000, 0x00000000f5ea0000)
  eden space 4416K, 100% used [0x00000000f0e00000, 0x00000000f1250000, 0x00000000f1250000)
  from space 512K, 100% used [0x00000000f12d0000, 0x00000000f1350000, 0x00000000f1350000)
  to   space 512K,   0% used [0x00000000f1250000, 0x00000000f1250000, 0x00000000f12d0000)
 tenured generation   total 10944K, used 2077K [0x00000000f5ea0000, 0x00000000f6950000, 0x0000000100000000)
   the space 10944K,  18% used [0x00000000f5ea0000, 0x00000000f60a77f0, 0x00000000f60a7800, 0x00000000f6950000)
 Metaspace       used 8785K, capacity 9022K, committed 9216K, reserved 1056768K
  class space    used 1104K, capacity 1197K, committed 1280K, reserved 1048576K
Event: 1.978 GC heap after
Heap after GC invocations=6 (full 0):
 def new generation   total 4928K, used 511K [0x00000000f0e00000, 0x00000000f1350000, 0x00000000f5ea0000)
  eden space 4416K,   0% used [0x00000000f0e00000, 0x00000000f0e00000, 0x00000000f1250000)
  from space 512K,  99% used [0x00000000f1250000, 0x00000000f12cfff0, 0x00000000f12d0000)
  to   space 512K,   0% used [0x00000000f12d0000, 0x00000000f12d0000, 0x00000000f1350000)
 tenured generation   total 10944K, used 2491K [0x00000000f5ea0000, 0x00000000f6950000, 0x0000000100000000)
   the space 10944K,  22% used [0x00000000f5ea0000, 0x00000000f610ee68, 0x00000000f610f000, 0x00000000f6950000)
 Metaspace       used 8785K, capacity 9022K, committed 9216K, reserved 1056768K
  class space    used 1104K, capacity 1197K, committed 1280K, reserved 1048576K
}
Event: 2.124 GC heap before
{Heap before GC invocations=6 (full 0):
 def new generation   total 4928K, used 4927K [0x00000000f0e00000, 0x00000000f1350000, 0x00000000f5ea0000)
  eden space 4416K, 100% used [0x00000000f0e00000, 0x00000000f1250000, 0x00000000f1250000)
  from space 512K,  99% used [0x00000000f1250000, 0x00000000f12cfff0, 0x00000000f12d0000)
  to   space 512K,   0% used [0x00000000f12d0000, 0x00000000f12d0000, 0x00000000f1350000)
 tenured generation   total 10944K, used 2491K [0x00000000f5ea0000, 0x00000000f6950000, 0x0000000100000000)
   the space 10944K,  22% used [0x00000000f5ea0000, 0x00000000f610ee68, 0x00000000f610f000, 0x00000000f6950000)
 Metaspace       used 9610K, capacity 9854K, committed 10112K, reserved 1058816K
  class space    used 1228K, capacity 1325K, committed 1408K, reserved 1048576K
Event: 2.127 GC heap after
Heap after GC invocations=7 (full 0):
 def new generation   total 4928K, used 512K [0x00000000f0e00000, 0x00000000f1350000, 0x00000000f5ea0000)
  eden space 4416K,   0% used [0x00000000f0e00000, 0x00000000f0e00000, 0x00000000f1250000)
  from space 512K, 100% used [0x00000000f12d0000, 0x00000000f1350000, 0x00000000f1350000)
  to   space 512K,   0% used [0x00000000f1250000, 0x00000000f1250000, 0x00000000f12d0000)
 tenured generation   total 10944K, used 2848K [0x00000000f5ea0000, 0x00000000f6950000, 0x0000000100000000)
   the space 10944K,  26% used [0x00000000f5ea0000, 0x00000000f6168320, 0x00000000f6168400, 0x00000000f6950000)
 Metaspace       used 9610K, capacity 9854K, committed 10112K, reserved 1058816K
  class space    used 1228K, capacity 1325K, committed 1408K, reserved 1048576K
}
Event: 2.543 GC heap before
{Heap before GC invocations=7 (full 0):
 def new generation   total 4928K, used 4927K [0x00000000f0e00000, 0x00000000f1350000, 0x00000000f5ea0000)
  eden space 4416K,  99% used [0x00000000f0e00000, 0x00000000f124ffc0, 0x00000000f1250000)
  from space 512K, 100% used [0x00000000f12d0000, 0x00000000f1350000, 0x00000000f1350000)
  to   space 512K,   0% used [0x00000000f1250000, 0x00000000f1250000, 0x00000000f12d0000)
 tenured generation   total 10944K, used 2848K [0x00000000f5ea0000, 0x00000000f6950000, 0x0000000100000000)
   the space 10944K,  26% used [0x00000000f5ea0000, 0x00000000f6168320, 0x00000000f6168400, 0x00000000f6950000)
 Metaspace       used 10902K, capacity 11176K, committed 11264K, reserved 1058816K
  class space    used 1398K, capacity 1528K, committed 1536K, reserved 1048576K
Event: 2.547 GC heap after
Heap after GC invocations=8 (full 0):
 def new generation   total 4928K, used 511K [0x00000000f0e00000, 0x00000000f1350000, 0x00000000f5ea0000)
  eden space 4416K,   0% used [0x00000000f0e00000, 0x00000000f0e00000, 0x00000000f1250000)
  from space 512K,  99% used [0x00000000f1250000, 0x00000000f12cfff0, 0x00000000f12d0000)
  to   space 512K,   0% used [0x00000000f12d0000, 0x00000000f12d0000, 0x00000000f1350000)
 tenured generation   total 10944K, used 3148K [0x00000000f5ea0000, 0x00000000f6950000, 0x0000000100000000)
   the space 10944K,  28% used [0x00000000f5ea0000, 0x00000000f61b3200, 0x00000000f61b3200, 0x00000000f6950000)
 Metaspace       used 10902K, capacity 11176K, committed 11264K, reserved 1058816K
  class space    used 1398K, capacity 1528K, committed 1536K, reserved 1048576K
}
Event: 76.477 GC heap before
{Heap before GC invocations=8 (full 0):
 def new generation   total 4928K, used 4927K [0x00000000f0e00000, 0x00000000f1350000, 0x00000000f5ea0000)
  eden space 4416K, 100% used [0x00000000f0e00000, 0x00000000f1250000, 0x00000000f1250000)
  from space 512K,  99% used [0x00000000f1250000, 0x00000000f12cfff0, 0x00000000f12d0000)
  to   space 512K,   0% used [0x00000000f12d0000, 0x00000000f12d0000, 0x00000000f1350000)
 tenured generation   total 10944K, used 3148K [0x00000000f5ea0000, 0x00000000f6950000, 0x0000000100000000)
   the space 10944K,  28% used [0x00000000f5ea0000, 0x00000000f61b3200, 0x00000000f61b3200, 0x00000000f6950000)
 Metaspace       used 11245K, capacity 11592K, committed 11904K, reserved 1058816K
  class space    used 1411K, capacity 1560K, committed 1664K, reserved 1048576K
Event: 76.736 GC heap after
Heap after GC invocations=9 (full 0):
 def new generation   total 4928K, used 79K [0x00000000f0e00000, 0x00000000f1350000, 0x00000000f5ea0000)
  eden space 4416K,   0% used [0x00000000f0e00000, 0x00000000f0e00000, 0x00000000f1250000)
  from space 512K,  15% used [0x00000000f12d0000, 0x00000000f12e3cb8, 0x00000000f1350000)
  to   space 512K,   0% used [0x00000000f1250000, 0x00000000f1250000, 0x00000000f12d0000)
 tenured generation   total 10944K, used 3475K [0x00000000f5ea0000, 0x00000000f6950000, 0x0000000100000000)
   the space 10944K,  31% used [0x00000000f5ea0000, 0x00000000f6204ec0, 0x00000000f6205000, 0x00000000f6950000)
 Metaspace       used 11245K, capacity 11592K, committed 11904K, reserved 1058816K
  class space    used 1411K, capacity 1560K, committed 1664K, reserved 1048576K
}
Event: 169.757 GC heap before
{Heap before GC invocations=9 (full 0):
 def new generation   total 4928K, used 4495K [0x00000000f0e00000, 0x00000000f1350000, 0x00000000f5ea0000)
  eden space 4416K, 100% used [0x00000000f0e00000, 0x00000000f1250000, 0x00000000f1250000)
  from space 512K,  15% used [0x00000000f12d0000, 0x00000000f12e3cb8, 0x00000000f1350000)
  to   space 512K,   0% used [0x00000000f1250000, 0x00000000f1250000, 0x00000000f12d0000)
 tenured generation   total 10944K, used 3475K [0x00000000f5ea0000, 0x00000000f6950000, 0x0000000100000000)
   the space 10944K,  31% used [0x00000000f5ea0000, 0x00000000f6204ec0, 0x00000000f6205000, 0x00000000f6950000)
 Metaspace       used 11252K, capacity 11592K, committed 11904K, reserved 1058816K
  class space    used 1411K, capacity 1560K, committed 1664K, reserved 1048576K
Event: 169.795 GC heap after
Heap after GC invocations=10 (full 0):
 def new generation   total 4928K, used 26K [0x00000000f0e00000, 0x00000000f1350000, 0x00000000f5ea0000)
  eden space 4416K,   0% used [0x00000000f0e00000, 0x00000000f0e00000, 0x00000000f1250000)
  from space 512K,   5% used [0x00000000f1250000, 0x00000000f1256b30, 0x00000000f12d0000)
  to   space 512K,   0% used [0x00000000f12d0000, 0x00000000f12d0000, 0x00000000f1350000)
 tenured generation   total 10944K, used 3475K [0x00000000f5ea0000, 0x00000000f6950000, 0x0000000100000000)
   the space 10944K,  31% used [0x00000000f5ea0000, 0x00000000f6204ec0, 0x00000000f6205000, 0x00000000f6950000)
 Metaspace       used 11252K, capacity 11592K, committed 11904K, reserved 1058816K
  class space    used 1411K, capacity 1560K, committed 1664K, reserved 1048576K
}
Event: 288.426 GC heap before
{Heap before GC invocations=10 (full 0):
 def new generation   total 4928K, used 4442K [0x00000000f0e00000, 0x00000000f1350000, 0x00000000f5ea0000)
  eden space 4416K, 100% used [0x00000000f0e00000, 0x00000000f1250000, 0x00000000f1250000)
  from space 512K,   5% used [0x00000000f1250000, 0x00000000f1256b30, 0x00000000f12d0000)
  to   space 512K,   0% used [0x00000000f12d0000, 0x00000000f12d0000, 0x00000000f1350000)
 tenured generation   total 10944K, used 3475K [0x00000000f5ea0000, 0x00000000f6950000, 0x0000000100000000)
   the space 10944K,  31% used [0x00000000f5ea0000, 0x00000000f6204ec0, 0x00000000f6205000, 0x00000000f6950000)
 Metaspace       used 11252K, capacity 11592K, committed 11904K, reserved 1058816K
  class space    used 1411K, capacity 1560K, committed 1664K, reserved 1048576K
Event: 291.558 GC heap after
Heap after GC invocations=11 (full 0):
 def new generation   total 4928K, used 31K [0x00000000f0e00000, 0x00000000f1350000, 0x00000000f5ea0000)
  eden space 4416K,   0% used [0x00000000f0e00000, 0x00000000f0e00000, 0x00000000f1250000)
  from space 512K,   6% used [0x00000000f12d0000, 0x00000000f12d7db0, 0x00000000f1350000)
  to   space 512K,   0% used [0x00000000f1250000, 0x00000000f1250000, 0x00000000f12d0000)
 tenured generation   total 10944K, used 3475K [0x00000000f5ea0000, 0x00000000f6950000, 0x0000000100000000)
   the space 10944K,  31% used [0x00000000f5ea0000, 0x00000000f6204ec0, 0x00000000f6205000, 0x00000000f6950000)
 Metaspace       used 11252K, capacity 11592K, committed 11904K, reserved 1058816K
  class space    used 1411K, capacity 1560K, committed 1664K, reserved 1048576K
}

